app/build/intermediates/manifest_merge_blame_file/debug/processDebugMainManifest/manifest-merger-blame-debug-report.txt
1<?xml version="1.0" encoding="utf-8"?>
2<manifest xmlns:android="http://schemas.android.com/apk/res/android"
3    package="com.example.gaechuck"
4    android:versionCode="1"
5    android:versionName="1.0" >
6
7    <uses-sdk
8        android:minSdkVersion="24"
9        android:targetSdkVersion="35" />
10
11    <uses-permission android:name="android.permission.INTERNET" />
11-->src/main/AndroidManifest.xml:4:5-67
11-->src/main/AndroidManifest.xml:4:22-64
12    <uses-permission android:name="android.permission.INTERNET" />
12-->src/main/AndroidManifest.xml:4:5-67
12-->src/main/AndroidManifest.xml:4:22-64
13
14    <permission
14-->[androidx.core:core:1.15.0] AndroidManifest.xml:22:5-24:47
15        android:name="com.example.gaechuck.DYNAMIC_RECEIVER_NOT_EXPORTED_PERMISSION"
15-->[androidx.core:core:1.15.0] AndroidManifest.xml:23:9-81
16        android:protectionLevel="signature" />
16-->[androidx.core:core:1.15.0] AndroidManifest.xml:24:9-44
17
18    <uses-permission android:name="com.example.gaechuck.DYNAMIC_RECEIVER_NOT_EXPORTED_PERMISSION" />
18-->[androidx.core:core:1.15.0] AndroidManifest.xml:26:5-97
18-->[androidx.core:core:1.15.0] AndroidManifest.xml:26:22-94
19
20    <application
20-->src/main/AndroidManifest.xml:8:5-47:19
21        android:name="com.example.gaechuck.Gaechuck"
21-->src/main/AndroidManifest.xml:21:9-33
22        android:allowBackup="true"
22-->src/main/AndroidManifest.xml:10:9-35
23        android:appComponentFactory="androidx.core.app.CoreComponentFactory"
23-->[androidx.core:core:1.15.0] AndroidManifest.xml:28:18-86
24        android:dataExtractionRules="@xml/data_extraction_rules"
24-->src/main/AndroidManifest.xml:11:9-65
25        android:debuggable="true"
26        android:enableOnBackInvokedCallback="true"
26-->src/main/AndroidManifest.xml:18:9-51
27        android:extractNativeLibs="false"
28        android:fullBackupContent="@xml/backup_rules"
28-->src/main/AndroidManifest.xml:12:9-54
29        android:hardwareAccelerated="false"
29-->src/main/AndroidManifest.xml:9:9-44
30        android:icon="@mipmap/ic_launcher"
30-->src/main/AndroidManifest.xml:13:9-43
31        android:label="@string/app_name"
31-->src/main/AndroidManifest.xml:15:9-41
32        android:networkSecurityConfig="@xml/network_security_config"
32-->src/main/AndroidManifest.xml:20:9-69
33        android:roundIcon="@mipmap/ic_launcher_round"
33-->src/main/AndroidManifest.xml:14:9-54
34        android:supportsRtl="true"
34-->src/main/AndroidManifest.xml:16:9-35
35        android:testOnly="true"
36        android:theme="@style/Theme.Gaechuck" >
36-->src/main/AndroidManifest.xml:17:9-46
37        <activity
37-->src/main/AndroidManifest.xml:22:9-27:20
38            android:name="com.example.gaechuck.MainActivity"
38-->src/main/AndroidManifest.xml:22:19-47
39            android:exported="true" >
39-->src/main/AndroidManifest.xml:22:48-71
40            <intent-filter>
40-->src/main/AndroidManifest.xml:23:13-26:29
41                <action android:name="android.intent.action.MAIN" />
41-->src/main/AndroidManifest.xml:24:17-69
41-->src/main/AndroidManifest.xml:24:25-66
42
43                <category android:name="android.intent.category.LAUNCHER" />
43-->src/main/AndroidManifest.xml:25:17-77
43-->src/main/AndroidManifest.xml:25:27-74
44            </intent-filter>
45        </activity>
46        <activity android:name="com.example.gaechuck.ui.setting.SettingActivity" />
46-->src/main/AndroidManifest.xml:28:9-63
46-->src/main/AndroidManifest.xml:28:19-61
47        <activity android:name="com.example.gaechuck.ui.termsofuse.TermsOfUseActivity" />
47-->src/main/AndroidManifest.xml:29:9-69
47-->src/main/AndroidManifest.xml:29:19-67
48        <activity android:name="com.example.gaechuck.ui.business.BusinessActivity" />
48-->src/main/AndroidManifest.xml:30:9-65
48-->src/main/AndroidManifest.xml:30:19-63
49        <activity android:name="com.example.gaechuck.ui.rent.RentActivity" />
49-->src/main/AndroidManifest.xml:31:9-57
49-->src/main/AndroidManifest.xml:31:19-55
50        <activity android:name="com.example.gaechuck.ui.noticeuniv.NoticeUnivActivity" />
50-->src/main/AndroidManifest.xml:32:9-69
50-->src/main/AndroidManifest.xml:32:19-67
51        <activity android:name="com.example.gaechuck.ui.noticecouncil.NoticeCouncilActivity" />
51-->src/main/AndroidManifest.xml:33:9-75
51-->src/main/AndroidManifest.xml:33:19-73
52        <activity android:name="com.example.gaechuck.ui.menu.CafeteriaMenuActivity" />
52-->src/main/AndroidManifest.xml:34:9-66
52-->src/main/AndroidManifest.xml:34:19-64
53        <activity android:name="com.example.gaechuck.ui.bus.BusRouteActivity" />
53-->src/main/AndroidManifest.xml:35:9-60
53-->src/main/AndroidManifest.xml:35:19-58
54        <activity android:name="com.example.gaechuck.SubPage2Activity" />
54-->src/main/AndroidManifest.xml:36:9-53
54-->src/main/AndroidManifest.xml:36:19-51
55        <activity android:name="com.example.gaechuck.ui.noticecouncil.NoticeCouncilDetailActivity" />
55-->src/main/AndroidManifest.xml:37:9-81
55-->src/main/AndroidManifest.xml:37:19-79
56        <activity android:name="com.example.gaechuck.ui.noticeuniv.NoticeUnivDetailActivity" />
56-->src/main/AndroidManifest.xml:38:9-75
56-->src/main/AndroidManifest.xml:38:19-73
57        <activity android:name="com.example.gaechuck.ui.noticecouncil.NoticeCouncilWriteActivity" />
57-->src/main/AndroidManifest.xml:39:9-80
57-->src/main/AndroidManifest.xml:39:19-78
58        <activity android:name="com.example.gaechuck.ui.lose.LoseActivity" />
58-->src/main/AndroidManifest.xml:41:9-57
58-->src/main/AndroidManifest.xml:41:19-55
59        <activity android:name="com.example.gaechuck.ui.login.LoginActivity" />
59-->src/main/AndroidManifest.xml:42:9-59
59-->src/main/AndroidManifest.xml:42:19-57
60        <activity android:name="com.example.gaechuck.ui.business.BusinessWriteActivity" />
60-->src/main/AndroidManifest.xml:43:9-70
60-->src/main/AndroidManifest.xml:43:19-68
61        <activity android:name="com.example.gaechuck.ui.rent.RentWriteActivity" />
61-->src/main/AndroidManifest.xml:44:9-62
61-->src/main/AndroidManifest.xml:44:19-60
62        <activity android:name="com.example.gaechuck.ui.lose.LoseWriteActivity" />
62-->src/main/AndroidManifest.xml:45:9-62
62-->src/main/AndroidManifest.xml:45:19-60
63        <activity android:name="com.example.gaechuck.ui.lose.LoseUrlChangeActivity" />
63-->src/main/AndroidManifest.xml:46:9-66
63-->src/main/AndroidManifest.xml:46:19-64
64
65        <provider
65-->[androidx.emoji2:emoji2:1.3.0] AndroidManifest.xml:24:9-32:20
66            android:name="androidx.startup.InitializationProvider"
66-->[androidx.emoji2:emoji2:1.3.0] AndroidManifest.xml:25:13-67
67            android:authorities="com.example.gaechuck.androidx-startup"
67-->[androidx.emoji2:emoji2:1.3.0] AndroidManifest.xml:26:13-68
68            android:exported="false" >
68-->[androidx.emoji2:emoji2:1.3.0] AndroidManifest.xml:27:13-37
69            <meta-data
69-->[androidx.emoji2:emoji2:1.3.0] AndroidManifest.xml:29:13-31:52
70                android:name="androidx.emoji2.text.EmojiCompatInitializer"
70-->[androidx.emoji2:emoji2:1.3.0] AndroidManifest.xml:30:17-75
71                android:value="androidx.startup" />
71-->[androidx.emoji2:emoji2:1.3.0] AndroidManifest.xml:31:17-49
72            <meta-data
72-->[androidx.lifecycle:lifecycle-process:2.8.3] AndroidManifest.xml:29:13-31:52
73                android:name="androidx.lifecycle.ProcessLifecycleInitializer"
73-->[androidx.lifecycle:lifecycle-process:2.8.3] AndroidManifest.xml:30:17-78
74                android:value="androidx.startup" />
74-->[androidx.lifecycle:lifecycle-process:2.8.3] AndroidManifest.xml:31:17-49
75            <meta-data
75-->[androidx.profileinstaller:profileinstaller:1.4.0] AndroidManifest.xml:29:13-31:52
76                android:name="androidx.profileinstaller.ProfileInstallerInitializer"
76-->[androidx.profileinstaller:profileinstaller:1.4.0] AndroidManifest.xml:30:17-85
77                android:value="androidx.startup" />
77-->[androidx.profileinstaller:profileinstaller:1.4.0] AndroidManifest.xml:31:17-49
78        </provider>
79
80        <uses-library
80-->[androidx.window:window:1.0.0] AndroidManifest.xml:25:9-27:40
81            android:name="androidx.window.extensions"
81-->[androidx.window:window:1.0.0] AndroidManifest.xml:26:13-54
82            android:required="false" />
82-->[androidx.window:window:1.0.0] AndroidManifest.xml:27:13-37
83        <uses-library
83-->[androidx.window:window:1.0.0] AndroidManifest.xml:28:9-30:40
84            android:name="androidx.window.sidecar"
84-->[androidx.window:window:1.0.0] AndroidManifest.xml:29:13-51
85            android:required="false" />
85-->[androidx.window:window:1.0.0] AndroidManifest.xml:30:13-37
86
87        <receiver
87-->[androidx.profileinstaller:profileinstaller:1.4.0] AndroidManifest.xml:34:9-52:20
88            android:name="androidx.profileinstaller.ProfileInstallReceiver"
88-->[androidx.profileinstaller:profileinstaller:1.4.0] AndroidManifest.xml:35:13-76
89            android:directBootAware="false"
89-->[androidx.profileinstaller:profileinstaller:1.4.0] AndroidManifest.xml:36:13-44
90            android:enabled="true"
90-->[androidx.profileinstaller:profileinstaller:1.4.0] AndroidManifest.xml:37:13-35
91            android:exported="true"
91-->[androidx.profileinstaller:profileinstaller:1.4.0] AndroidManifest.xml:38:13-36
92            android:permission="android.permission.DUMP" >
92-->[androidx.profileinstaller:profileinstaller:1.4.0] AndroidManifest.xml:39:13-57
93            <intent-filter>
93-->[androidx.profileinstaller:profileinstaller:1.4.0] AndroidManifest.xml:40:13-42:29
94                <action android:name="androidx.profileinstaller.action.INSTALL_PROFILE" />
94-->[androidx.profileinstaller:profileinstaller:1.4.0] AndroidManifest.xml:41:17-91
94-->[androidx.profileinstaller:profileinstaller:1.4.0] AndroidManifest.xml:41:25-88
95            </intent-filter>
96            <intent-filter>
96-->[androidx.profileinstaller:profileinstaller:1.4.0] AndroidManifest.xml:43:13-45:29
97                <action android:name="androidx.profileinstaller.action.SKIP_FILE" />
97-->[androidx.profileinstaller:profileinstaller:1.4.0] AndroidManifest.xml:44:17-85
97-->[androidx.profileinstaller:profileinstaller:1.4.0] AndroidManifest.xml:44:25-82
98            </intent-filter>
99            <intent-filter>
99-->[androidx.profileinstaller:profileinstaller:1.4.0] AndroidManifest.xml:46:13-48:29
100                <action android:name="androidx.profileinstaller.action.SAVE_PROFILE" />
100-->[androidx.profileinstaller:profileinstaller:1.4.0] AndroidManifest.xml:47:17-88
100-->[androidx.profileinstaller:profileinstaller:1.4.0] AndroidManifest.xml:47:25-85
101            </intent-filter>
102            <intent-filter>
102-->[androidx.profileinstaller:profileinstaller:1.4.0] AndroidManifest.xml:49:13-51:29
103                <action android:name="androidx.profileinstaller.action.BENCHMARK_OPERATION" />
103-->[androidx.profileinstaller:profileinstaller:1.4.0] AndroidManifest.xml:50:17-95
103-->[androidx.profileinstaller:profileinstaller:1.4.0] AndroidManifest.xml:50:25-92
104            </intent-filter>
105        </receiver>
106    </application>
107
108</manifest>